  PWS.cpp
c:\users\joseoscuro\documents\visual studio 2017\projects\keithleypws\pws\pws.cpp(38): warning C4996: 'getch': The POSIX name for this item is deprecated. Instead, use the ISO C and C++ conformant name: _getch. See online help for details.
  c:\program files (x86)\windows kits\10\include\10.0.15063.0\ucrt\conio.h(452): note: see declaration of 'getch'
c:\users\joseoscuro\documents\visual studio 2017\projects\keithleypws\pws\pws.cpp(43): warning C4996: 'getch': The POSIX name for this item is deprecated. Instead, use the ISO C and C++ conformant name: _getch. See online help for details.
  c:\program files (x86)\windows kits\10\include\10.0.15063.0\ucrt\conio.h(452): note: see declaration of 'getch'
c:\users\joseoscuro\documents\visual studio 2017\projects\keithleypws\pws\pws.cpp(14): warning C4101: 'current': unreferenced local variable
c:\users\joseoscuro\documents\visual studio 2017\projects\keithleypws\pws\pws.cpp(13): warning C4101: 'voltage': unreferenced local variable
c:\users\joseoscuro\documents\visual studio 2017\projects\keithleypws\pws\pws.cpp(60): warning C4996: 'scanf': This function or variable may be unsafe. Consider using scanf_s instead. To disable deprecation, use _CRT_SECURE_NO_WARNINGS. See online help for details.
  c:\program files (x86)\windows kits\10\include\10.0.15063.0\ucrt\stdio.h(1272): note: see declaration of 'scanf'
c:\users\joseoscuro\documents\visual studio 2017\projects\keithleypws\pws\pws.cpp(62): warning C4996: 'strcpy': This function or variable may be unsafe. Consider using strcpy_s instead. To disable deprecation, use _CRT_SECURE_NO_WARNINGS. See online help for details.
  c:\program files (x86)\windows kits\10\include\10.0.15063.0\ucrt\string.h(136): note: see declaration of 'strcpy'
c:\users\joseoscuro\documents\visual studio 2017\projects\keithleypws\pws\pws.cpp(63): warning C4996: 'strcat': This function or variable may be unsafe. Consider using strcat_s instead. To disable deprecation, use _CRT_SECURE_NO_WARNINGS. See online help for details.
  c:\program files (x86)\windows kits\10\include\10.0.15063.0\ucrt\string.h(93): note: see declaration of 'strcat'
c:\users\joseoscuro\documents\visual studio 2017\projects\keithleypws\pws\pws.cpp(66): warning C4996: 'getch': The POSIX name for this item is deprecated. Instead, use the ISO C and C++ conformant name: _getch. See online help for details.
  c:\program files (x86)\windows kits\10\include\10.0.15063.0\ucrt\conio.h(452): note: see declaration of 'getch'
c:\users\joseoscuro\documents\visual studio 2017\projects\keithleypws\pws\pws.cpp(68): warning C4996: 'fopen': This function or variable may be unsafe. Consider using fopen_s instead. To disable deprecation, use _CRT_SECURE_NO_WARNINGS. See online help for details.
  c:\program files (x86)\windows kits\10\include\10.0.15063.0\ucrt\stdio.h(207): note: see declaration of 'fopen'
c:\users\joseoscuro\documents\visual studio 2017\projects\keithleypws\pws\pws.cpp(82): warning C4996: 'sprintf': This function or variable may be unsafe. Consider using sprintf_s instead. To disable deprecation, use _CRT_SECURE_NO_WARNINGS. See online help for details.
  c:\program files (x86)\windows kits\10\include\10.0.15063.0\ucrt\stdio.h(1772): note: see declaration of 'sprintf'
c:\users\joseoscuro\documents\visual studio 2017\projects\keithleypws\pws\pws.cpp(102): warning C4996: 'strcpy': This function or variable may be unsafe. Consider using strcpy_s instead. To disable deprecation, use _CRT_SECURE_NO_WARNINGS. See online help for details.
  c:\program files (x86)\windows kits\10\include\10.0.15063.0\ucrt\string.h(136): note: see declaration of 'strcpy'
c:\users\joseoscuro\documents\visual studio 2017\projects\keithleypws\pws\pws.cpp(103): warning C4996: 'strcat': This function or variable may be unsafe. Consider using strcat_s instead. To disable deprecation, use _CRT_SECURE_NO_WARNINGS. See online help for details.
  c:\program files (x86)\windows kits\10\include\10.0.15063.0\ucrt\string.h(93): note: see declaration of 'strcat'
c:\users\joseoscuro\documents\visual studio 2017\projects\keithleypws\pws\pws.cpp(113): warning C4996: 'strcpy': This function or variable may be unsafe. Consider using strcpy_s instead. To disable deprecation, use _CRT_SECURE_NO_WARNINGS. See online help for details.
  c:\program files (x86)\windows kits\10\include\10.0.15063.0\ucrt\string.h(136): note: see declaration of 'strcpy'
c:\users\joseoscuro\documents\visual studio 2017\projects\keithleypws\pws\pws.cpp(129): warning C4996: 'getch': The POSIX name for this item is deprecated. Instead, use the ISO C and C++ conformant name: _getch. See online help for details.
  c:\program files (x86)\windows kits\10\include\10.0.15063.0\ucrt\conio.h(452): note: see declaration of 'getch'
c:\users\joseoscuro\documents\visual studio 2017\projects\keithleypws\pws\pws.cpp(168): warning C4996: 'getch': The POSIX name for this item is deprecated. Instead, use the ISO C and C++ conformant name: _getch. See online help for details.
  c:\program files (x86)\windows kits\10\include\10.0.15063.0\ucrt\conio.h(452): note: see declaration of 'getch'
c:\users\joseoscuro\documents\visual studio 2017\projects\keithleypws\pws\pws.cpp(180): warning C4996: 'getch': The POSIX name for this item is deprecated. Instead, use the ISO C and C++ conformant name: _getch. See online help for details.
  c:\program files (x86)\windows kits\10\include\10.0.15063.0\ucrt\conio.h(452): note: see declaration of 'getch'
  PWS.vcxproj -> C:\Users\JoseOscuro\Documents\Visual Studio 2017\Projects\KeithleyPWS\x64\Debug\PWS.exe
  PWS.vcxproj -> C:\Users\JoseOscuro\Documents\Visual Studio 2017\Projects\KeithleyPWS\x64\Debug\PWS.pdb (Partial PDB)
